C51 COMPILER V9.56.0.0   FANCTL                                                            05/08/2017 17:02:58 PAGE 1   


C51 COMPILER V9.56.0.0, COMPILATION OF MODULE FANCTL
OBJECT MODULE PLACED IN FanCtl.OBJ
COMPILER INVOKED BY: D:\Keil_v5\C51\BIN\C51.EXE FanCtl.c OPTIMIZE(8,SPEED) BROWSE INCDIR(..\FanCtl) DEBUG OBJECTEXTEND T
                    -ABS(2)

line level    source

   1          #include "uart.h"
   2          #include "STC12C5A60S2.h"
   3          #include "TC_Read.h"
   4          #include "motor.h"
   5          #include "data_parse.h"
   6          #include "key.h"
   7          #include "global.h"
   8          
   9          #define T2  0 //定义初始温度
  10          
  11          u16 Kp1 = 8;    //定义温差比例系数
  12          u8 CurrentSpeed = 0; //定义当前速度
  13          u8 SpeedInc = 25; //速度增量
  14          BOOL gDir = 1;  //方向1正向0反向
  15          BOOL gStopFlag = 1; //停止标志位0停止1运行
  16          
  17          BOOL AutoMode = 1; //自动模式
  18          BOOL KeyCtlMode = 0;//按键控制模式
  19          BOOL BtCtlMode  = 0 ;//蓝牙控制模式
  20          
  21          u32 time = 0;
  22          
  23          void main()
  24          {
  25   1        float t1=0;
  26   1        float tmpDiff=0;
  27   1        
  28   1        u8 speed=0;
  29   1        /* 全部设置为IO模式 */
  30   1        P0M0 = 0x00;
  31   1        P0M1 = 0x00;
  32   1        P1M0 = 0x00;
  33   1        P1M1 = 0x00;
  34   1        P2M0 = 0x00;
  35   1        P2M1 = 0x00;
  36   1        P3M0 = 0x00;
  37   1        P3M1 = 0x00;
  38   1        P4M0 = 0x00;
  39   1        P4M1 = 0x00;
  40   1        P12 = 1; //关闭蜂鸣器
  41   1        uartInit(); //9600 bade 初始化蓝牙
  42   1        TC_Init(); //初始化温度计
  43   1        motorInit();//初始化电机
  44   1        //SendString("Init Ok\r\n");
  45   1        motorSetDir(gDir);
  46   1        
  47   1        while(1)
  48   1        { 
  49   2          
  50   2          TC_Read(&t1); //读取当前温度
  51   2      //    printf("T1:%f\r\n",t1);
  52   2      //    DelayMs(200);
  53   2      
  54   2        if(AutoMode)
C51 COMPILER V9.56.0.0   FANCTL                                                            05/08/2017 17:02:58 PAGE 2   

  55   2        {
  56   3          gStopFlag = 1;
  57   3          tmpDiff = t1-T2;
  58   3          if(tmpDiff<0)//温度差小于0，反转
  59   3          {
  60   4            gDir = 0; //反转
  61   4            tmpDiff = -tmpDiff;
  62   4          }
  63   3          else//温差大于0，正转
  64   3          {
  65   4            gDir = 1;
  66   4          }
  67   3          CurrentSpeed = (u8)Kp1*tmpDiff;
  68   3        }
  69   2        //printf("gFrameCount:%d\n",(int)gFrameCount);
  70   2        if(gCmdFlag==1)
  71   2        {
  72   3          //printf("Recieved cmd\n");
  73   3          CmdParse(); //蓝牙数据解析 放到串口中断函数中执行
  74   3          gCmdFlag = 0;
  75   3        }
  76   2      //  if(BtCtlMode)
  77   2      //  {
  78   2      //    printf("BTCtlMode\r\n");
  79   2      //  }
  80   2          if(!BtCtlMode) //任意键进入按键控制模式，退出键退出模式
  81   2          {
  82   3            //printf("Key Mode\r\n");
  83   3            KeyScan(0); //监测按键是否被按下
  84   3          }
  85   2          
  86   2          motorCtl(); //设置当前速度
  87   2          /* 向上位机发回温度，速度数据 */
  88   2          if(time++ == 200)
  89   2          {
  90   3            printf("T:%f\n",t1);
  91   3            printf("speed:%d\n",(int)CurrentSpeed);
  92   3            time = 0;
  93   3          }     
  94   2        }
  95   1          
  96   1        
  97   1      }


MODULE INFORMATION:   STATIC OVERLAYABLE
   CODE SIZE        =    233    ----
   CONSTANT SIZE    =     16    ----
   XDATA SIZE       =   ----    ----
   PDATA SIZE       =   ----    ----
   DATA SIZE        =      8       9
   IDATA SIZE       =   ----    ----
   BIT SIZE         =      5    ----
END OF MODULE INFORMATION.


C51 COMPILATION COMPLETE.  0 WARNING(S),  0 ERROR(S)
