C51 COMPILER V9.56.0.0   DELAY                                                             05/08/2017 17:02:58 PAGE 1   


C51 COMPILER V9.56.0.0, COMPILATION OF MODULE DELAY
OBJECT MODULE PLACED IN delay.OBJ
COMPILER INVOKED BY: D:\Keil_v5\C51\BIN\C51.EXE delay.c OPTIMIZE(8,SPEED) BROWSE INCDIR(..\FanCtl) DEBUG OBJECTEXTEND TA
                    -BS(2)

line level    source

   1          #include "delay.h"
   2          #include "intrins.h"
   3          
   4          
   5          /*------------------------------------------------
   6           uS延时函数，含有输入参数 unsigned char t，无返回值
   7           unsigned char 是定义无符号字符变量，其值的范围是
   8           0~255 这里使用晶振12M，精确延时请使用汇编,大致延时
   9           长度如下 T=tx2+5 uS 
  10          ------------------------------------------------*/
  11          void DelayUs2x(unsigned char t)
  12          {   
  13   1       while(--t);
  14   1      }
  15          /*------------------------------------------------
  16           mS延时函数，含有输入参数 unsigned char t，无返回值
  17           unsigned char 是定义无符号字符变量，其值的范围是
  18           0~255 这里使用晶振12M，精确延时请使用汇编
  19          ------------------------------------------------*/
  20          void DelayMs(unsigned char t)
  21          {
  22   1        unsigned char i, j;
  23   1           
  24   1       while(t--)
  25   1       {
  26   2        
  27   2      
  28   2        _nop_();
  29   2        _nop_();
  30   2        _nop_();
  31   2        i = 11;
  32   2        j = 190;
  33   2        do
  34   2        {
  35   3          while (--j);
  36   3        } while (--i);
  37   2       }
  38   1      }
  39          /*短一点的延时*/
  40          void delay1(int i)
  41          {
  42   1       int j,k;
  43   1       for(j=0;j<i;j++)
  44   1       for(k=0;k<10;k++);
  45   1      }


MODULE INFORMATION:   STATIC OVERLAYABLE
   CODE SIZE        =     61    ----
   CONSTANT SIZE    =   ----    ----
   XDATA SIZE       =   ----    ----
   PDATA SIZE       =   ----    ----
   DATA SIZE        =   ----    ----
   IDATA SIZE       =   ----    ----
C51 COMPILER V9.56.0.0   DELAY                                                             05/08/2017 17:02:58 PAGE 2   

   BIT SIZE         =   ----    ----
END OF MODULE INFORMATION.


C51 COMPILATION COMPLETE.  0 WARNING(S),  0 ERROR(S)
