C51 COMPILER V9.56.0.0   KEY                                                               05/08/2017 17:02:58 PAGE 1   


C51 COMPILER V9.56.0.0, COMPILATION OF MODULE KEY
OBJECT MODULE PLACED IN key.OBJ
COMPILER INVOKED BY: D:\Keil_v5\C51\BIN\C51.EXE key.c OPTIMIZE(8,SPEED) BROWSE INCDIR(..\FanCtl) DEBUG OBJECTEXTEND TABS
                    -(2)

line level    source

   1          #include "key.h"
   2          #include "global.h"
   3          
   4          sbit KeyRunStop = P2^0;
   5          sbit KeyDir = P3^4;
   6          sbit KeySpeedInc = P3^5;
   7          sbit keySpeedDec = P2^1;
   8          
   9          sbit keyModeCtl = P1^7;
  10          
  11          /******************************************
  12          * Function Name  : KeyScan
  13          * Description    : None
  14          * Input          : mode:0,不支持连续按;1,支持连续按;
  15          * Output         : None
  16          * Return         : 返回按键值
  17          *******************************************/
  18          void KeyScan(u16 mode)
  19          {
  20   1        if((KeyRunStop==0||KeyDir==0||KeySpeedInc==0||keySpeedDec==0||keyModeCtl==0))
  21   1        {
  22   2          AutoMode = 0;
  23   2          KeyCtlMode = 1;//进入按键控制模式
  24   2          //printf("key scan\r\n");
  25   2          DelayMs(50); //消抖
  26   2          if(KeyRunStop==0)
  27   2            { 
  28   3              printf("key run stop\r\n");
  29   3              gStopFlag=~gStopFlag;
  30   3              //gStopFlag++;
  31   3              while(!KeyRunStop);
  32   3              return;
  33   3            }
  34   2          else if(KeyDir==0)
  35   2          {
  36   3            gDir = ~gDir;
  37   3            //gDir++;
  38   3            printf("key dir\r\n");
  39   3            while(!KeyDir);
  40   3            return;
  41   3          }
  42   2          else if(KeySpeedInc==0)
  43   2          {
  44   3            printf("key Inc\r\n");
  45   3            if(255-CurrentSpeed<25)
  46   3            {
  47   4              CurrentSpeed = 255;
  48   4            }
  49   3            else
  50   3            {
  51   4              CurrentSpeed+=SpeedInc;
  52   4            }
  53   3            while(!KeySpeedInc);
  54   3            return;
C51 COMPILER V9.56.0.0   KEY                                                               05/08/2017 17:02:58 PAGE 2   

  55   3          }
  56   2          else if(keySpeedDec==0) 
  57   2          {
  58   3            printf("key Dec\r\n");
  59   3            if(CurrentSpeed<25)
  60   3            {
  61   4              CurrentSpeed=0;
  62   4            }else
  63   3            {
  64   4              CurrentSpeed-=SpeedInc;
  65   4            }
  66   3            while(!keySpeedDec);
  67   3            return;
  68   3          }else if(keyModeCtl == 0)
  69   2          {
  70   3            printf("key out\r\n");
  71   3            AutoMode = 1;
  72   3            KeyCtlMode = 0;//退出按键控制模式
  73   3            while(!keyModeCtl);
  74   3          }
  75   2        }
  76   1        
  77   1      }
*** WARNING C280 IN LINE 18 OF key.c: 'mode': unreferenced local variable
  78          


MODULE INFORMATION:   STATIC OVERLAYABLE
   CODE SIZE        =    163    ----
   CONSTANT SIZE    =     55    ----
   XDATA SIZE       =   ----    ----
   PDATA SIZE       =   ----    ----
   DATA SIZE        =   ----       2
   IDATA SIZE       =   ----    ----
   BIT SIZE         =   ----    ----
END OF MODULE INFORMATION.


C51 COMPILATION COMPLETE.  1 WARNING(S),  0 ERROR(S)
