C51 COMPILER V9.56.0.0   UART                                                              05/08/2017 17:02:58 PAGE 1   


C51 COMPILER V9.56.0.0, COMPILATION OF MODULE UART
OBJECT MODULE PLACED IN uart.OBJ
COMPILER INVOKED BY: D:\Keil_v5\C51\BIN\C51.EXE uart.c OPTIMIZE(8,SPEED) BROWSE INCDIR(..\FanCtl) DEBUG OBJECTEXTEND TAB
                    -S(2)

line level    source

   1          #include "uart.h"
   2          #include "intrins.h"
   3          #include "STC12C5A60S2.h"
   4          #include "data_parse.h"
   5          #include "stdio.h"
   6          #include "global.h"
   7          
   8          #define FOSC 11059200L      //System frequency
   9          #define BAUD 9600           //UART baudrate
  10          
  11          sbit BlueToothState = P1^4;//蓝牙的状态显示位
  12          sbit BlueToothEn    = P1^5;//蓝牙的模式选择位
  13          
  14          bit busy;
  15          u8 gFrameCount=0;
  16          BOOL gCmdFlag = 0;
  17          void uartInit(void)
  18          {
  19   1          SCON = 0x50;            //8-bit variable UART
  20   1          TMOD = 0x20;            //Set Timer1 as 8-bit auto reload mode
  21   1          TH1 = TL1 = -(FOSC/12/32/BAUD); //Set auto-reload vaule
  22   1          TR1 = 1;                //Timer1 start run
  23   1          ES = 1;                 //Enable UART interrupt
  24   1          EA = 1;                 //Open master interrupt switch
  25   1      }
  26          
  27          /*----------------------------
  28          UART interrupt service routine
  29          ----------------------------*/
  30          void Uart_Isr() interrupt 4 using 1
  31          {
  32   1          if (RI)
  33   1          {
  34   2            if(gCmdFlag==0)
  35   2            {
  36   3              CmdArr[gFrameCount]=SBUF;
  37   3              if(CmdArr[0]==0xA5)
  38   3                gFrameCount++;
  39   3              if(gFrameCount==6)
  40   3              {
  41   4                gCmdFlag = 1;
  42   4                gFrameCount = 0;
  43   4              }
  44   3            }
  45   2            RI = 0;             //Clear receive interrupt flag
  46   2            
  47   2          }
  48   1          if (TI)
  49   1          {
  50   2              TI = 0;             //Clear transmit interrupt flag
  51   2              busy = 0;           //Clear transmit busy flag
  52   2          }
  53   1      }
  54          
C51 COMPILER V9.56.0.0   UART                                                              05/08/2017 17:02:58 PAGE 2   

  55          /*----------------------------
  56          Send a byte data to UART
  57          Input: dat (data to be sent)
  58          Output:None
  59          ----------------------------*/
  60          void SendData(u8 dat)
  61          {
  62   1          while (busy);           //Wait for the completion of the previous data is sent
  63   1          ACC = dat;              //Calculate the even parity bit P (PSW.0)
  64   1          busy = 1;
  65   1          SBUF = ACC;             //Send data to UART buffer
  66   1      }
  67          
  68          /*----------------------------
  69          Send a string to UART
  70          Input: s (address of string)
  71          Output:None
  72          ----------------------------*/
  73          void SendString(u8 *s)
  74          {
  75   1          while (*s)              //Check the end of the string
  76   1          {
  77   2              SendData(*s++);     //Send current char and increment string ptr
  78   2          }
  79   1      }
  80          
  81          char putchar (char dat)
  82          {
  83   1        SendData(dat);
  84   1        return dat;
  85   1      }


MODULE INFORMATION:   STATIC OVERLAYABLE
   CODE SIZE        =    122    ----
   CONSTANT SIZE    =   ----    ----
   XDATA SIZE       =   ----    ----
   PDATA SIZE       =   ----    ----
   DATA SIZE        =      1       3
   IDATA SIZE       =   ----    ----
   BIT SIZE         =      2    ----
END OF MODULE INFORMATION.


C51 COMPILATION COMPLETE.  0 WARNING(S),  0 ERROR(S)
