C51 COMPILER V9.56.0.0   DATA_PARSE                                                        05/08/2017 17:02:58 PAGE 1   


C51 COMPILER V9.56.0.0, COMPILATION OF MODULE DATA_PARSE
OBJECT MODULE PLACED IN data_parse.OBJ
COMPILER INVOKED BY: D:\Keil_v5\C51\BIN\C51.EXE data_parse.c OPTIMIZE(8,SPEED) BROWSE INCDIR(..\FanCtl) DEBUG OBJECTEXTE
                    -ND TABS(2)

line level    source

   1          #include "data_parse.h"
   2          #include "global.h"
   3          #include "delay.h"
   4          #include "STC12C5A60S2.h"
   5          #include "uart.h"
   6          
   7          u8 CmdArr[8]={0};//接收到的蓝牙命令存放数组
   8          //u8 SpeedRatio=0;//转速比
   9          //u8 TemperatureRatio=0;//温差比
  10          
  11          /******************************************
  12          * Function Name  : CmdParse
  13          * Description    : Bluetooth command resolution
  14          * Input          : None
  15          * Output         : None
  16          * Return         : 解析出来的命令
  17          *******************************************/
  18          void CmdParse(void)
  19          {
  20   1        static u16 Count1=0;
  21   1        static u16 Count2=0;
  22   1      //  int i;
  23   1      //  for(i=0;i<6;i++)
  24   1      //  {
  25   1      //    SendData(CmdArr[i]);
  26   1      ////    printf("%d",(u8)CmdArr[i]);
  27   1      //  }
  28   1        if((CmdArr[0]==0XA5)&&(CmdArr[1]==0X5A)&&(CmdArr[2]==0X04)&&(CmdArr[5]==0XAA))
  29   1        {
  30   2          BtCtlMode = 1;//进入蓝牙控制模式
  31   2          //KeyCtlMode = 0;
  32   2          AutoMode = 0;
  33   2          if((CmdArr[3]==0XB1)&&(CmdArr[4]==0XB5))
  34   2          {
  35   3            Count1++;
  36   3            if(Count1%2==1)
  37   3            {
  38   4              
  39   4              gStopFlag = 0;//stop
  40   4              printf("run\r\n");
  41   4            }
  42   3            else
  43   3            {
  44   4              gStopFlag=1;//run
  45   4              printf("stop\r\n");
  46   4            } 
  47   3          }
  48   2          else if((CmdArr[3]==0XB2)&&(CmdArr[4]==0XB6))
  49   2          {
  50   3            Count2++;
  51   3            if(Count2%2==1)
  52   3            {
  53   4              //return PositiveDir_Flag;
  54   4              gDir = 1;
C51 COMPILER V9.56.0.0   DATA_PARSE                                                        05/08/2017 17:02:58 PAGE 2   

  55   4              printf("Positive\r\n");
  56   4            }
  57   3            else
  58   3            {
  59   4              //return NegativeDir_Flag;
  60   4              gDir = 0;
  61   4              printf("Negative\r\n");
  62   4            }
  63   3          }
  64   2          else if((CmdArr[3]==0XB3)&&(CmdArr[4]==0XB7))
  65   2          {
  66   3            //return SpeedInc_Flag;
  67   3            printf("speed up\r\n");
  68   3            if(255-CurrentSpeed<25)
  69   3            {
  70   4              CurrentSpeed=255;
  71   4              
  72   4            }else
  73   3            {
  74   4              CurrentSpeed += SpeedInc;
  75   4            }
  76   3            
  77   3          }
  78   2          else if((CmdArr[3]==0XB4)&&(CmdArr[4]==0XB8))
  79   2          {
  80   3            //return SpeedDec_Flag;
  81   3            if(CurrentSpeed<25)
  82   3            {
  83   4              CurrentSpeed=0;
  84   4            }else
  85   3            {
  86   4              CurrentSpeed -= SpeedInc;
  87   4            }
  88   3            
  89   3            printf("speed down\r\n");
  90   3          }
  91   2          else if(CmdArr[3]==0XB5)
  92   2          {
  93   3            //SpeedRatio=CmdArr[4];
  94   3            //return SetSpeedRatio_Flag;
  95   3            CurrentSpeed = CmdArr[4];
  96   3            printf("speed set\r\n");
  97   3          }
  98   2          else if(CmdArr[3]==0XB6)
  99   2          {
 100   3            //TemperatureRatio=CmdArr[4];
 101   3            //return SetTemperatureRatio_Flag;
 102   3            Kp1 = CmdArr[4];
 103   3            printf("KP set\r\n");
 104   3          }else
 105   2          {
 106   3            BtCtlMode = 0;//退出蓝牙控制模式
 107   3            //KeyCtlMode = 0;
 108   3            AutoMode = 1;// 进入自动模式
 109   3          }
 110   2          
 111   2        }
 112   1        else
 113   1        {
 114   2          
 115   2          BtCtlMode = 0;//退出蓝牙控制模式
 116   2          //KeyCtlMode = 0;
C51 COMPILER V9.56.0.0   DATA_PARSE                                                        05/08/2017 17:02:58 PAGE 3   

 117   2          AutoMode = 1;// 进入自动模式
 118   2        }
 119   1      }
 120          


MODULE INFORMATION:   STATIC OVERLAYABLE
   CODE SIZE        =    248    ----
   CONSTANT SIZE    =     80    ----
   XDATA SIZE       =   ----    ----
   PDATA SIZE       =   ----    ----
   DATA SIZE        =     12    ----
   IDATA SIZE       =   ----    ----
   BIT SIZE         =   ----    ----
END OF MODULE INFORMATION.


C51 COMPILATION COMPLETE.  0 WARNING(S),  0 ERROR(S)
